<?xml version="1.0" encoding="UTF-8"?>
<!-- Generated by org.testng.reporters.JUnitXMLReporter -->
<testsuite ignored="0" hostname="PENNANT-VSP185" failures="0" tests="8" name="Default test" time="0.783" errors="0" timestamp="2023-07-03T12:47:34 IST">
  <testcase classname="test.EmployeeDAOImplTest" name="testGetAllEmployees" time="0.026"/>
  <testcase classname="test.EmployeeDAOImplTest" name="testGetEmployee" time="0.002"/>
  <testcase classname="test.EmployeeDAOImplTest" name="testGetEmployeeById" time="0.002"/>
  <testcase classname="test.EmployeeDAOImplTest" name="testGetEmployeeParametersById" time="0.004"/>
  <testcase classname="test.EmployeeDAOImplTest" name="testGetEmployeesByHRAndManager" time="0.002"/>
  <testcase classname="test.EmployeeDAOImplTest" name="testInsertEmployee" time="0.011"/>
  <testcase classname="test.EmployeeDAOImplTest" name="testUpdateEmployee" time="0.002"/>
  <testcase classname="test.EmployeeDAOImplTest" name="testUpdateEmployeeStatus" time="0.002"/>
</testsuite> <!-- Default test -->
