<?xml version="1.0" encoding="UTF-8"?>
<testng-results ignored="0" total="8" passed="8" failed="0" skipped="0">
  <reporter-output>
  </reporter-output>
  <suite started-at="2023-07-03T12:47:33 IST" name="Default suite" finished-at="2023-07-03T12:47:34 IST" duration-ms="783">
    <groups>
    </groups>
    <test started-at="2023-07-03T12:47:33 IST" name="Default test" finished-at="2023-07-03T12:47:34 IST" duration-ms="783">
      <class name="test.EmployeeDAOImplTest">
        <test-method is-config="true" signature="setup()[pri:0, instance:test.EmployeeDAOImplTest@7fe7c640]" started-at="2023-07-03T12:47:33 IST" name="setup" finished-at="2023-07-03T12:47:34 IST" duration-ms="664" status="PASS">
          <reporter-output>
          </reporter-output>
        </test-method> <!-- setup -->
        <test-method signature="testGetAllEmployees()[pri:0, instance:test.EmployeeDAOImplTest@7fe7c640]" started-at="2023-07-03T12:47:34 IST" name="testGetAllEmployees" finished-at="2023-07-03T12:47:34 IST" duration-ms="26" status="PASS">
          <reporter-output>
          </reporter-output>
        </test-method> <!-- testGetAllEmployees -->
        <test-method is-config="true" signature="setup()[pri:0, instance:test.EmployeeDAOImplTest@7fe7c640]" started-at="2023-07-03T12:47:34 IST" name="setup" finished-at="2023-07-03T12:47:34 IST" duration-ms="2" status="PASS">
          <reporter-output>
          </reporter-output>
        </test-method> <!-- setup -->
        <test-method signature="testGetEmployee()[pri:0, instance:test.EmployeeDAOImplTest@7fe7c640]" started-at="2023-07-03T12:47:34 IST" name="testGetEmployee" finished-at="2023-07-03T12:47:34 IST" duration-ms="2" status="PASS">
          <reporter-output>
          </reporter-output>
        </test-method> <!-- testGetEmployee -->
        <test-method is-config="true" signature="setup()[pri:0, instance:test.EmployeeDAOImplTest@7fe7c640]" started-at="2023-07-03T12:47:34 IST" name="setup" finished-at="2023-07-03T12:47:34 IST" duration-ms="1" status="PASS">
          <reporter-output>
          </reporter-output>
        </test-method> <!-- setup -->
        <test-method signature="testGetEmployeeById()[pri:0, instance:test.EmployeeDAOImplTest@7fe7c640]" started-at="2023-07-03T12:47:34 IST" name="testGetEmployeeById" finished-at="2023-07-03T12:47:34 IST" duration-ms="2" status="PASS">
          <reporter-output>
          </reporter-output>
        </test-method> <!-- testGetEmployeeById -->
        <test-method is-config="true" signature="setup()[pri:0, instance:test.EmployeeDAOImplTest@7fe7c640]" started-at="2023-07-03T12:47:34 IST" name="setup" finished-at="2023-07-03T12:47:34 IST" duration-ms="0" status="PASS">
          <reporter-output>
          </reporter-output>
        </test-method> <!-- setup -->
        <test-method signature="testGetEmployeeParametersById()[pri:0, instance:test.EmployeeDAOImplTest@7fe7c640]" started-at="2023-07-03T12:47:34 IST" name="testGetEmployeeParametersById" finished-at="2023-07-03T12:47:34 IST" duration-ms="4" status="PASS">
          <reporter-output>
          </reporter-output>
        </test-method> <!-- testGetEmployeeParametersById -->
        <test-method is-config="true" signature="setup()[pri:0, instance:test.EmployeeDAOImplTest@7fe7c640]" started-at="2023-07-03T12:47:34 IST" name="setup" finished-at="2023-07-03T12:47:34 IST" duration-ms="0" status="PASS">
          <reporter-output>
          </reporter-output>
        </test-method> <!-- setup -->
        <test-method signature="testGetEmployeesByHRAndManager()[pri:0, instance:test.EmployeeDAOImplTest@7fe7c640]" started-at="2023-07-03T12:47:34 IST" name="testGetEmployeesByHRAndManager" finished-at="2023-07-03T12:47:34 IST" duration-ms="2" status="PASS">
          <reporter-output>
          </reporter-output>
        </test-method> <!-- testGetEmployeesByHRAndManager -->
        <test-method signature="testInsertEmployee()[pri:0, instance:test.EmployeeDAOImplTest@7fe7c640]" started-at="2023-07-03T12:47:34 IST" name="testInsertEmployee" finished-at="2023-07-03T12:47:34 IST" duration-ms="11" status="PASS">
          <reporter-output>
          </reporter-output>
        </test-method> <!-- testInsertEmployee -->
        <test-method is-config="true" signature="setup()[pri:0, instance:test.EmployeeDAOImplTest@7fe7c640]" started-at="2023-07-03T12:47:34 IST" name="setup" finished-at="2023-07-03T12:47:34 IST" duration-ms="0" status="PASS">
          <reporter-output>
          </reporter-output>
        </test-method> <!-- setup -->
        <test-method is-config="true" signature="setup()[pri:0, instance:test.EmployeeDAOImplTest@7fe7c640]" started-at="2023-07-03T12:47:34 IST" name="setup" finished-at="2023-07-03T12:47:34 IST" duration-ms="1" status="PASS">
          <reporter-output>
          </reporter-output>
        </test-method> <!-- setup -->
        <test-method signature="testUpdateEmployee()[pri:0, instance:test.EmployeeDAOImplTest@7fe7c640]" started-at="2023-07-03T12:47:34 IST" name="testUpdateEmployee" finished-at="2023-07-03T12:47:34 IST" duration-ms="2" status="PASS">
          <reporter-output>
          </reporter-output>
        </test-method> <!-- testUpdateEmployee -->
        <test-method is-config="true" signature="setup()[pri:0, instance:test.EmployeeDAOImplTest@7fe7c640]" started-at="2023-07-03T12:47:34 IST" name="setup" finished-at="2023-07-03T12:47:34 IST" duration-ms="1" status="PASS">
          <reporter-output>
          </reporter-output>
        </test-method> <!-- setup -->
        <test-method signature="testUpdateEmployeeStatus()[pri:0, instance:test.EmployeeDAOImplTest@7fe7c640]" started-at="2023-07-03T12:47:34 IST" name="testUpdateEmployeeStatus" finished-at="2023-07-03T12:47:34 IST" duration-ms="2" status="PASS">
          <reporter-output>
          </reporter-output>
        </test-method> <!-- testUpdateEmployeeStatus -->
      </class> <!-- test.EmployeeDAOImplTest -->
    </test> <!-- Default test -->
  </suite> <!-- Default suite -->
</testng-results>
